<?xml version="1.0" encoding="UTF-8"?>
<!-- Generated by org.testng.reporters.JUnitXMLReporter -->
<testsuite hostname="DESKTOP-G3MM6T7" ignored="0" name="Default test" tests="16" failures="0" timestamp="29 Jul 2019 12:19:57 GMT" time="5.047" errors="0">
  <testcase name="testGetServiceWithIdApi" time="2.271" classname="restAssuredServiceApiTests.Get_Service_With_Id_Api_Tests"/>
  <testcase name="testGetServicesList" time="0.092" classname="restAssuredServiceApiTests.Get_Services_Api_Tests"/>
  <testcase name="testGetServicesListWithLimit" time="0.084" classname="restAssuredServiceApiTests.Get_Services_Api_Tests"/>
  <testcase name="testGetServicesListWithLimitAndSkip" time="0.063" classname="restAssuredServiceApiTests.Get_Services_Api_Tests"/>
  <testcase name="testGetServicesListWithSkip" time="0.03" classname="restAssuredServiceApiTests.Get_Services_Api_Tests"/>
  <testcase name="testDeleteServiceApi" time="0.057" classname="restAssuredServiceApiTests.Delete_Services_Api_Tests"/>
  <testcase name="testUpdateServicesWithIdApi" time="0.074" classname="restAssuredServiceApiTests.Patch_Service_With_Id_Api_Tests"/>
  <testcase name="testPostProductDataApi" time="0.172" classname="restAssuredProductApiTests.Post_Products_Api_Tests"/>
  <testcase name="testUpdateProductWithIdApi" time="0.063" classname="restAssuredProductApiTests.Patch_Product_With_Id_Api_Tests"/>
  <testcase name="testGetProductWithIdApi" time="0.046" classname="restAssuredProductApiTests.Get_Product_With_Id_Api_Tests"/>
  <testcase name="testGetProductsList" time="0.577" classname="restAssuredProductApiTests.Get_Products_Api_Tests"/>
  <testcase name="testGetProductsListWithLimit" time="0.296" classname="restAssuredProductApiTests.Get_Products_Api_Tests"/>
  <testcase name="testGetProductsListWithLimitAndSkip" time="0.316" classname="restAssuredProductApiTests.Get_Products_Api_Tests"/>
  <testcase name="testGetProductsListWithSkip" time="0.293" classname="restAssuredProductApiTests.Get_Products_Api_Tests"/>
  <testcase name="testDeleteProductApi" time="0.036" classname="restAssuredProductApiTests.Delete_Products_Api_Tests"/>
  <testcase name="testPostServiceDataApi" time="0.046" classname="restAssuredServiceApiTests.Post_Services_Api_Tests"/>
</testsuite> <!-- Default test -->
